<?xml version="1.0" encoding="UTF-8"?>
<!-- Generated by org.testng.reporters.JUnitXMLReporter -->
<testsuite hostname="antelle" ignored="0" name="FirefoxTest" tests="6" failures="0" timestamp="28 Aug 2017 01:33:09 GMT" time="147.057" errors="0">
  <testcase name="SearchandAddProducts" time="41.605" classname="Build.BuildTestSuite"/>
  <testcase name="TakesYouToShoppingCartPage" time="13.852" classname="Build.BuildTestSuite"/>
  <testcase name="TakesYouToSecureCheckoutPage" time="5.291" classname="Build.BuildTestSuite"/>
  <testcase name="TakesYouToCheckoutGuestPage" time="7.834" classname="Build.BuildTestSuite"/>
  <testcase name="FillCustomerCreditCardInfo" time="28.338" classname="Build.BuildTestSuite"/>
  <testcase name="AssertTaxAmountandGrandTotal" time="12.181" classname="Build.BuildTestSuite"/>
</testsuite> <!-- FirefoxTest -->
