<?xml version="1.0" encoding="UTF-8"?>
<!-- Generated by org.testng.reporters.JUnitXMLReporter -->
<testsuite hostname="antelle" ignored="0" name="EdgeTest" tests="1" failures="0" timestamp="18 Aug 2017 00:28:38 GMT" time="0.014" errors="0">
  <testcase name="@BeforeClass setup" time="0.001" classname="Build.BuildTestSuite">
    <failure type="java.lang.Exception" message="Browser is not correct">
      <![CDATA[java.lang.Exception: Browser is not correct
	at Build.BuildTestSuite.setup(BuildTestSuite.java:54)
	at java.util.concurrent.FutureTask.run(Unknown Source)
	at java.util.concurrent.ThreadPoolExecutor.runWorker(Unknown Source)
	at java.util.concurrent.ThreadPoolExecutor$Worker.run(Unknown Source)
	at java.lang.Thread.run(Unknown Source)
... Removed 16 stack frames]]>
    </failure>
  </testcase> <!-- @BeforeClass setup -->
  <testcase name="@AfterClass closeBrowser" time="0.0" classname="Build.BuildTestSuite">
    <skipped/>
  </testcase> <!-- @AfterClass closeBrowser -->
  <testcase name="SearchForProducts" time="0.0" classname="Build.BuildTestSuite">
    <skipped/>
  </testcase> <!-- SearchForProducts -->
</testsuite> <!-- EdgeTest -->
